Command line invocation:
    /Applications/Xcode.app/Contents/Developer/usr/bin/xcodebuild test -project SwiftTranscriptionSampleApp.xcodeproj -scheme SwiftTranscriptionSampleApp -destination "platform=iOS Simulator,name=iPhone 16 Pro"

ComputePackagePrebuildTargetDependencyGraph

Prepare packages

CreateBuildRequest

SendProjectDescription

CreateBuildOperation

ComputeTargetDependencyGraph
note: Building targets in dependency order
note: Target dependency graph (2 targets)
    Target 'SwiftTranscriptionSampleAppTests' in project 'SwiftTranscriptionSampleApp'
        ➜ Explicit dependency on target 'SwiftTranscriptionSampleApp' in project 'SwiftTranscriptionSampleApp'
    Target 'SwiftTranscriptionSampleApp' in project 'SwiftTranscriptionSampleApp' (no dependencies)

GatherProvisioningInputs

CreateBuildDescription

ExecuteExternalTool /Applications/Xcode.app/Contents/Developer/Toolchains/XcodeDefault.xctoolchain/usr/bin/clang -v -E -dM -isysroot /Applications/Xcode.app/Contents/Developer/Platforms/iPhoneSimulator.platform/Developer/SDKs/iPhoneSimulator26.0.sdk -x c -c /dev/null

ExecuteExternalTool /Applications/Xcode.app/Contents/Developer/Toolchains/XcodeDefault.xctoolchain/usr/bin/swiftc --version

ExecuteExternalTool /Applications/Xcode.app/Contents/Developer/usr/bin/actool --print-asset-tag-combinations --output-format xml1 /Users/leandroalmeida/Marcação_Cirúrgica/SwiftTranscriptionSampleApp/Helpers/Assets.xcassets

ExecuteExternalTool /Applications/Xcode.app/Contents/Developer/usr/bin/actool --version --output-format xml1

ExecuteExternalTool /Applications/Xcode.app/Contents/Developer/Toolchains/XcodeDefault.xctoolchain/usr/bin/ld -version_details

ReadFileContents /Applications/Xcode.app/Contents/Developer/Toolchains/XcodeDefault.xctoolchain/usr/share/docc/features.json

Build description signature: e4966bbdd17b279426b9f3da6664ce56
Build description path: /Users/leandroalmeida/Library/Developer/Xcode/DerivedData/SwiftTranscriptionSampleApp-crspgurtfqzlqnfnzshbqfekzabt/Build/Intermediates.noindex/XCBuildData/e4966bbdd17b279426b9f3da6664ce56.xcbuilddata
ClangStatCache /Applications/Xcode.app/Contents/Developer/Toolchains/XcodeDefault.xctoolchain/usr/bin/clang-stat-cache /Applications/Xcode.app/Contents/Developer/Platforms/iPhoneSimulator.platform/Developer/SDKs/iPhoneSimulator26.0.sdk /Users/leandroalmeida/Library/Developer/Xcode/DerivedData/SDKStatCaches.noindex/iphonesimulator26.0-23A339-3885c01c3e6b6a337905948deab2002e26257891a6c027eb51374368541b8346.sdkstatcache
    cd /Users/leandroalmeida/Marcação_Cirúrgica/SwiftTranscriptionSampleApp.xcodeproj
    /Applications/Xcode.app/Contents/Developer/Toolchains/XcodeDefault.xctoolchain/usr/bin/clang-stat-cache /Applications/Xcode.app/Contents/Developer/Platforms/iPhoneSimulator.platform/Developer/SDKs/iPhoneSimulator26.0.sdk -o /Users/leandroalmeida/Library/Developer/Xcode/DerivedData/SDKStatCaches.noindex/iphonesimulator26.0-23A339-3885c01c3e6b6a337905948deab2002e26257891a6c027eb51374368541b8346.sdkstatcache

SwiftDriver SwiftTranscriptionSampleApp normal arm64 com.apple.xcode.tools.swift.compiler (in target 'SwiftTranscriptionSampleApp' from project 'SwiftTranscriptionSampleApp')
    cd /Users/leandroalmeida/Marcação_Cirúrgica
    builtin-SwiftDriver -- /Applications/Xcode.app/Contents/Developer/Toolchains/XcodeDefault.xctoolchain/usr/bin/swiftc -module-name SwiftTranscriptionSampleApp -Onone -enforce-exclusivity\=checked @/Users/leandroalmeida/Library/Developer/Xcode/DerivedData/SwiftTranscriptionSampleApp-crspgurtfqzlqnfnzshbqfekzabt/Build/Intermediates.noindex/SwiftTranscriptionSampleApp.build/Debug-iphonesimulator/SwiftTranscriptionSampleApp.build/Objects-normal/arm64/SwiftTranscriptionSampleApp.SwiftFileList -DDEBUG -enable-experimental-feature DebugDescriptionMacro -sdk /Applications/Xcode.app/Contents/Developer/Platforms/iPhoneSimulator.platform/Developer/SDKs/iPhoneSimulator26.0.sdk -target arm64-apple-ios26.0-simulator -g -module-cache-path /Users/leandroalmeida/Library/Developer/Xcode/DerivedData/ModuleCache.noindex -Xfrontend -serialize-debugging-options -enable-testing -index-store-path /Users/leandroalmeida/Library/Developer/Xcode/DerivedData/SwiftTranscriptionSampleApp-crspgurtfqzlqnfnzshbqfekzabt/Index.noindex/DataStore -Xcc -D_LIBCPP_HARDENING_MODE\=_LIBCPP_HARDENING_MODE_DEBUG -swift-version 6 -I /Users/leandroalmeida/Library/Developer/Xcode/DerivedData/SwiftTranscriptionSampleApp-crspgurtfqzlqnfnzshbqfekzabt/Build/Products/Debug-iphonesimulator -F /Users/leandroalmeida/Library/Developer/Xcode/DerivedData/SwiftTranscriptionSampleApp-crspgurtfqzlqnfnzshbqfekzabt/Build/Products/Debug-iphonesimulator -emit-localized-strings -emit-localized-strings-path /Users/leandroalmeida/Library/Developer/Xcode/DerivedData/SwiftTranscriptionSampleApp-crspgurtfqzlqnfnzshbqfekzabt/Build/Intermediates.noindex/SwiftTranscriptionSampleApp.build/Debug-iphonesimulator/SwiftTranscriptionSampleApp.build/Objects-normal/arm64 -c -j8 -enable-batch-mode -incremental -Xcc -ivfsstatcache -Xcc /Users/leandroalmeida/Library/Developer/Xcode/DerivedData/SDKStatCaches.noindex/iphonesimulator26.0-23A339-3885c01c3e6b6a337905948deab2002e26257891a6c027eb51374368541b8346.sdkstatcache -output-file-map /Users/leandroalmeida/Library/Developer/Xcode/DerivedData/SwiftTranscriptionSampleApp-crspgurtfqzlqnfnzshbqfekzabt/Build/Intermediates.noindex/SwiftTranscriptionSampleApp.build/Debug-iphonesimulator/SwiftTranscriptionSampleApp.build/Objects-normal/arm64/SwiftTranscriptionSampleApp-OutputFileMap.json -use-frontend-parseable-output -save-temps -no-color-diagnostics -explicit-module-build -module-cache-path /Users/leandroalmeida/Library/Developer/Xcode/DerivedData/SwiftTranscriptionSampleApp-crspgurtfqzlqnfnzshbqfekzabt/Build/Intermediates.noindex/SwiftExplicitPrecompiledModules -clang-scanner-module-cache-path /Users/leandroalmeida/Library/Developer/Xcode/DerivedData/ModuleCache.noindex -sdk-module-cache-path /Users/leandroalmeida/Library/Developer/Xcode/DerivedData/ModuleCache.noindex -serialize-diagnostics -emit-dependencies -emit-module -emit-module-path /Users/leandroalmeida/Library/Developer/Xcode/DerivedData/SwiftTranscriptionSampleApp-crspgurtfqzlqnfnzshbqfekzabt/Build/Intermediates.noindex/SwiftTranscriptionSampleApp.build/Debug-iphonesimulator/SwiftTranscriptionSampleApp.build/Objects-normal/arm64/SwiftTranscriptionSampleApp.swiftmodule -validate-clang-modules-once -clang-build-session-file /Users/leandroalmeida/Library/Developer/Xcode/DerivedData/ModuleCache.noindex/Session.modulevalidation -Xcc -I/Users/leandroalmeida/Library/Developer/Xcode/DerivedData/SwiftTranscriptionSampleApp-crspgurtfqzlqnfnzshbqfekzabt/Build/Intermediates.noindex/SwiftTranscriptionSampleApp.build/Debug-iphonesimulator/SwiftTranscriptionSampleApp.build/swift-overrides.hmap -emit-const-values -Xfrontend -const-gather-protocols-file -Xfrontend /Users/leandroalmeida/Library/Developer/Xcode/DerivedData/SwiftTranscriptionSampleApp-crspgurtfqzlqnfnzshbqfekzabt/Build/Intermediates.noindex/SwiftTranscriptionSampleApp.build/Debug-iphonesimulator/SwiftTranscriptionSampleApp.build/Objects-normal/arm64/SwiftTranscriptionSampleApp_const_extract_protocols.json -Xcc -iquote -Xcc /Users/leandroalmeida/Library/Developer/Xcode/DerivedData/SwiftTranscriptionSampleApp-crspgurtfqzlqnfnzshbqfekzabt/Build/Intermediates.noindex/SwiftTranscriptionSampleApp.build/Debug-iphonesimulator/SwiftTranscriptionSampleApp.build/SwiftTranscriptionSampleApp-generated-files.hmap -Xcc -I/Users/leandroalmeida/Library/Developer/Xcode/DerivedData/SwiftTranscriptionSampleApp-crspgurtfqzlqnfnzshbqfekzabt/Build/Intermediates.noindex/SwiftTranscriptionSampleApp.build/Debug-iphonesimulator/SwiftTranscriptionSampleApp.build/SwiftTranscriptionSampleApp-own-target-headers.hmap -Xcc -I/Users/leandroalmeida/Library/Developer/Xcode/DerivedData/SwiftTranscriptionSampleApp-crspgurtfqzlqnfnzshbqfekzabt/Build/Intermediates.noindex/SwiftTranscriptionSampleApp.build/Debug-iphonesimulator/SwiftTranscriptionSampleApp.build/SwiftTranscriptionSampleApp-all-target-headers.hmap -Xcc -iquote -Xcc /Users/leandroalmeida/Library/Developer/Xcode/DerivedData/SwiftTranscriptionSampleApp-crspgurtfqzlqnfnzshbqfekzabt/Build/Intermediates.noindex/SwiftTranscriptionSampleApp.build/Debug-iphonesimulator/SwiftTranscriptionSampleApp.build/SwiftTranscriptionSampleApp-project-headers.hmap -Xcc -I/Users/leandroalmeida/Library/Developer/Xcode/DerivedData/SwiftTranscriptionSampleApp-crspgurtfqzlqnfnzshbqfekzabt/Build/Products/Debug-iphonesimulator/include -Xcc -I/Users/leandroalmeida/Library/Developer/Xcode/DerivedData/SwiftTranscriptionSampleApp-crspgurtfqzlqnfnzshbqfekzabt/Build/Intermediates.noindex/SwiftTranscriptionSampleApp.build/Debug-iphonesimulator/SwiftTranscriptionSampleApp.build/DerivedSources-normal/arm64 -Xcc -I/Users/leandroalmeida/Library/Developer/Xcode/DerivedData/SwiftTranscriptionSampleApp-crspgurtfqzlqnfnzshbqfekzabt/Build/Intermediates.noindex/SwiftTranscriptionSampleApp.build/Debug-iphonesimulator/SwiftTranscriptionSampleApp.build/DerivedSources/arm64 -Xcc -I/Users/leandroalmeida/Library/Developer/Xcode/DerivedData/SwiftTranscriptionSampleApp-crspgurtfqzlqnfnzshbqfekzabt/Build/Intermediates.noindex/SwiftTranscriptionSampleApp.build/Debug-iphonesimulator/SwiftTranscriptionSampleApp.build/DerivedSources -Xcc -DDEBUG\=1 -emit-objc-header -emit-objc-header-path /Users/leandroalmeida/Library/Developer/Xcode/DerivedData/SwiftTranscriptionSampleApp-crspgurtfqzlqnfnzshbqfekzabt/Build/Intermediates.noindex/SwiftTranscriptionSampleApp.build/Debug-iphonesimulator/SwiftTranscriptionSampleApp.build/Objects-normal/arm64/SwiftTranscriptionSampleApp-Swift.h -working-directory /Users/leandroalmeida/Marcação_Cirúrgica -experimental-emit-module-separately -disable-cmo

ProcessInfoPlistFile /Users/leandroalmeida/Library/Developer/Xcode/DerivedData/SwiftTranscriptionSampleApp-crspgurtfqzlqnfnzshbqfekzabt/Build/Products/Debug-iphonesimulator/SwiftTranscriptionSampleApp.app/Info.plist /Users/leandroalmeida/Library/Developer/Xcode/DerivedData/SwiftTranscriptionSampleApp-crspgurtfqzlqnfnzshbqfekzabt/Build/Intermediates.noindex/SwiftTranscriptionSampleApp.build/Debug-iphonesimulator/SwiftTranscriptionSampleApp.build/empty-SwiftTranscriptionSampleApp.plist (in target 'SwiftTranscriptionSampleApp' from project 'SwiftTranscriptionSampleApp')
    cd /Users/leandroalmeida/Marcação_Cirúrgica
    builtin-infoPlistUtility /Users/leandroalmeida/Library/Developer/Xcode/DerivedData/SwiftTranscriptionSampleApp-crspgurtfqzlqnfnzshbqfekzabt/Build/Intermediates.noindex/SwiftTranscriptionSampleApp.build/Debug-iphonesimulator/SwiftTranscriptionSampleApp.build/empty-SwiftTranscriptionSampleApp.plist -producttype com.apple.product-type.application -genpkginfo /Users/leandroalmeida/Library/Developer/Xcode/DerivedData/SwiftTranscriptionSampleApp-crspgurtfqzlqnfnzshbqfekzabt/Build/Products/Debug-iphonesimulator/SwiftTranscriptionSampleApp.app/PkgInfo -expandbuildsettings -format binary -platform iphonesimulator -additionalcontentfile /Users/leandroalmeida/Library/Developer/Xcode/DerivedData/SwiftTranscriptionSampleApp-crspgurtfqzlqnfnzshbqfekzabt/Build/Intermediates.noindex/SwiftTranscriptionSampleApp.build/Debug-iphonesimulator/SwiftTranscriptionSampleApp.build/assetcatalog_generated_info.plist -o /Users/leandroalmeida/Library/Developer/Xcode/DerivedData/SwiftTranscriptionSampleApp-crspgurtfqzlqnfnzshbqfekzabt/Build/Products/Debug-iphonesimulator/SwiftTranscriptionSampleApp.app/Info.plist

SwiftEmitModule normal arm64 Emitting\ module\ for\ SwiftTranscriptionSampleApp (in target 'SwiftTranscriptionSampleApp' from project 'SwiftTranscriptionSampleApp')

EmitSwiftModule normal arm64 (in target 'SwiftTranscriptionSampleApp' from project 'SwiftTranscriptionSampleApp')
    cd /Users/leandroalmeida/Marcação_Cirúrgica
    

SwiftCompile normal arm64 Compiling\ Transcription.swift /Users/leandroalmeida/Marcação_Cirúrgica/SwiftTranscriptionSampleApp/Recording\ and\ Transcription/Transcription.swift (in target 'SwiftTranscriptionSampleApp' from project 'SwiftTranscriptionSampleApp')
SwiftCompile normal arm64 /Users/leandroalmeida/Marcação_Cirúrgica/SwiftTranscriptionSampleApp/Recording\ and\ Transcription/Transcription.swift (in target 'SwiftTranscriptionSampleApp' from project 'SwiftTranscriptionSampleApp')
    cd /Users/leandroalmeida/Marcação_Cirúrgica
    

SwiftCompile normal arm64 Compiling\ FormPreviewView.swift /Users/leandroalmeida/Marcação_Cirúrgica/SwiftTranscriptionSampleApp/Views/FormPreviewView.swift (in target 'SwiftTranscriptionSampleApp' from project 'SwiftTranscriptionSampleApp')
SwiftCompile normal arm64 /Users/leandroalmeida/Marcação_Cirúrgica/SwiftTranscriptionSampleApp/Views/FormPreviewView.swift (in target 'SwiftTranscriptionSampleApp' from project 'SwiftTranscriptionSampleApp')
    cd /Users/leandroalmeida/Marcação_Cirúrgica
    

SwiftCompile normal arm64 Compiling\ PostTranscriptionDecisionsView.swift /Users/leandroalmeida/Marcação_Cirúrgica/SwiftTranscriptionSampleApp/Views/PostTranscriptionDecisionsView.swift (in target 'SwiftTranscriptionSampleApp' from project 'SwiftTranscriptionSampleApp')

SwiftCompile normal arm64 /Users/leandroalmeida/Marcação_Cirúrgica/SwiftTranscriptionSampleApp/Views/PostTranscriptionDecisionsView.swift (in target 'SwiftTranscriptionSampleApp' from project 'SwiftTranscriptionSampleApp')
    cd /Users/leandroalmeida/Marcação_Cirúrgica
    

SwiftCompile normal arm64 Compiling\ FormFillerView.swift /Users/leandroalmeida/Marcação_Cirúrgica/SwiftTranscriptionSampleApp/Views/FormFillerView.swift (in target 'SwiftTranscriptionSampleApp' from project 'SwiftTranscriptionSampleApp')
SwiftCompile normal arm64 /Users/leandroalmeida/Marcação_Cirúrgica/SwiftTranscriptionSampleApp/Views/FormFillerView.swift (in target 'SwiftTranscriptionSampleApp' from project 'SwiftTranscriptionSampleApp')
    cd /Users/leandroalmeida/Marcação_Cirúrgica
    

SwiftDriverJobDiscovery normal arm64 Emitting module for SwiftTranscriptionSampleApp (in target 'SwiftTranscriptionSampleApp' from project 'SwiftTranscriptionSampleApp')

SwiftDriver\ Compilation\ Requirements SwiftTranscriptionSampleApp normal arm64 com.apple.xcode.tools.swift.compiler (in target 'SwiftTranscriptionSampleApp' from project 'SwiftTranscriptionSampleApp')
    cd /Users/leandroalmeida/Marcação_Cirúrgica
    builtin-Swift-Compilation-Requirements -- /Applications/Xcode.app/Contents/Developer/Toolchains/XcodeDefault.xctoolchain/usr/bin/swiftc -module-name SwiftTranscriptionSampleApp -Onone -enforce-exclusivity\=checked @/Users/leandroalmeida/Library/Developer/Xcode/DerivedData/SwiftTranscriptionSampleApp-crspgurtfqzlqnfnzshbqfekzabt/Build/Intermediates.noindex/SwiftTranscriptionSampleApp.build/Debug-iphonesimulator/SwiftTranscriptionSampleApp.build/Objects-normal/arm64/SwiftTranscriptionSampleApp.SwiftFileList -DDEBUG -enable-experimental-feature DebugDescriptionMacro -sdk /Applications/Xcode.app/Contents/Developer/Platforms/iPhoneSimulator.platform/Developer/SDKs/iPhoneSimulator26.0.sdk -target arm64-apple-ios26.0-simulator -g -module-cache-path /Users/leandroalmeida/Library/Developer/Xcode/DerivedData/ModuleCache.noindex -Xfrontend -serialize-debugging-options -enable-testing -index-store-path /Users/leandroalmeida/Library/Developer/Xcode/DerivedData/SwiftTranscriptionSampleApp-crspgurtfqzlqnfnzshbqfekzabt/Index.noindex/DataStore -Xcc -D_LIBCPP_HARDENING_MODE\=_LIBCPP_HARDENING_MODE_DEBUG -swift-version 6 -I /Users/leandroalmeida/Library/Developer/Xcode/DerivedData/SwiftTranscriptionSampleApp-crspgurtfqzlqnfnzshbqfekzabt/Build/Products/Debug-iphonesimulator -F /Users/leandroalmeida/Library/Developer/Xcode/DerivedData/SwiftTranscriptionSampleApp-crspgurtfqzlqnfnzshbqfekzabt/Build/Products/Debug-iphonesimulator -emit-localized-strings -emit-localized-strings-path /Users/leandroalmeida/Library/Developer/Xcode/DerivedData/SwiftTranscriptionSampleApp-crspgurtfqzlqnfnzshbqfekzabt/Build/Intermediates.noindex/SwiftTranscriptionSampleApp.build/Debug-iphonesimulator/SwiftTranscriptionSampleApp.build/Objects-normal/arm64 -c -j8 -enable-batch-mode -incremental -Xcc -ivfsstatcache -Xcc /Users/leandroalmeida/Library/Developer/Xcode/DerivedData/SDKStatCaches.noindex/iphonesimulator26.0-23A339-3885c01c3e6b6a337905948deab2002e26257891a6c027eb51374368541b8346.sdkstatcache -output-file-map /Users/leandroalmeida/Library/Developer/Xcode/DerivedData/SwiftTranscriptionSampleApp-crspgurtfqzlqnfnzshbqfekzabt/Build/Intermediates.noindex/SwiftTranscriptionSampleApp.build/Debug-iphonesimulator/SwiftTranscriptionSampleApp.build/Objects-normal/arm64/SwiftTranscriptionSampleApp-OutputFileMap.json -use-frontend-parseable-output -save-temps -no-color-diagnostics -explicit-module-build -module-cache-path /Users/leandroalmeida/Library/Developer/Xcode/DerivedData/SwiftTranscriptionSampleApp-crspgurtfqzlqnfnzshbqfekzabt/Build/Intermediates.noindex/SwiftExplicitPrecompiledModules -clang-scanner-module-cache-path /Users/leandroalmeida/Library/Developer/Xcode/DerivedData/ModuleCache.noindex -sdk-module-cache-path /Users/leandroalmeida/Library/Developer/Xcode/DerivedData/ModuleCache.noindex -serialize-diagnostics -emit-dependencies -emit-module -emit-module-path /Users/leandroalmeida/Library/Developer/Xcode/DerivedData/SwiftTranscriptionSampleApp-crspgurtfqzlqnfnzshbqfekzabt/Build/Intermediates.noindex/SwiftTranscriptionSampleApp.build/Debug-iphonesimulator/SwiftTranscriptionSampleApp.build/Objects-normal/arm64/SwiftTranscriptionSampleApp.swiftmodule -validate-clang-modules-once -clang-build-session-file /Users/leandroalmeida/Library/Developer/Xcode/DerivedData/ModuleCache.noindex/Session.modulevalidation -Xcc -I/Users/leandroalmeida/Library/Developer/Xcode/DerivedData/SwiftTranscriptionSampleApp-crspgurtfqzlqnfnzshbqfekzabt/Build/Intermediates.noindex/SwiftTranscriptionSampleApp.build/Debug-iphonesimulator/SwiftTranscriptionSampleApp.build/swift-overrides.hmap -emit-const-values -Xfrontend -const-gather-protocols-file -Xfrontend /Users/leandroalmeida/Library/Developer/Xcode/DerivedData/SwiftTranscriptionSampleApp-crspgurtfqzlqnfnzshbqfekzabt/Build/Intermediates.noindex/SwiftTranscriptionSampleApp.build/Debug-iphonesimulator/SwiftTranscriptionSampleApp.build/Objects-normal/arm64/SwiftTranscriptionSampleApp_const_extract_protocols.json -Xcc -iquote -Xcc /Users/leandroalmeida/Library/Developer/Xcode/DerivedData/SwiftTranscriptionSampleApp-crspgurtfqzlqnfnzshbqfekzabt/Build/Intermediates.noindex/SwiftTranscriptionSampleApp.build/Debug-iphonesimulator/SwiftTranscriptionSampleApp.build/SwiftTranscriptionSampleApp-generated-files.hmap -Xcc -I/Users/leandroalmeida/Library/Developer/Xcode/DerivedData/SwiftTranscriptionSampleApp-crspgurtfqzlqnfnzshbqfekzabt/Build/Intermediates.noindex/SwiftTranscriptionSampleApp.build/Debug-iphonesimulator/SwiftTranscriptionSampleApp.build/SwiftTranscriptionSampleApp-own-target-headers.hmap -Xcc -I/Users/leandroalmeida/Library/Developer/Xcode/DerivedData/SwiftTranscriptionSampleApp-crspgurtfqzlqnfnzshbqfekzabt/Build/Intermediates.noindex/SwiftTranscriptionSampleApp.build/Debug-iphonesimulator/SwiftTranscriptionSampleApp.build/SwiftTranscriptionSampleApp-all-target-headers.hmap -Xcc -iquote -Xcc /Users/leandroalmeida/Library/Developer/Xcode/DerivedData/SwiftTranscriptionSampleApp-crspgurtfqzlqnfnzshbqfekzabt/Build/Intermediates.noindex/SwiftTranscriptionSampleApp.build/Debug-iphonesimulator/SwiftTranscriptionSampleApp.build/SwiftTranscriptionSampleApp-project-headers.hmap -Xcc -I/Users/leandroalmeida/Library/Developer/Xcode/DerivedData/SwiftTranscriptionSampleApp-crspgurtfqzlqnfnzshbqfekzabt/Build/Products/Debug-iphonesimulator/include -Xcc -I/Users/leandroalmeida/Library/Developer/Xcode/DerivedData/SwiftTranscriptionSampleApp-crspgurtfqzlqnfnzshbqfekzabt/Build/Intermediates.noindex/SwiftTranscriptionSampleApp.build/Debug-iphonesimulator/SwiftTranscriptionSampleApp.build/DerivedSources-normal/arm64 -Xcc -I/Users/leandroalmeida/Library/Developer/Xcode/DerivedData/SwiftTranscriptionSampleApp-crspgurtfqzlqnfnzshbqfekzabt/Build/Intermediates.noindex/SwiftTranscriptionSampleApp.build/Debug-iphonesimulator/SwiftTranscriptionSampleApp.build/DerivedSources/arm64 -Xcc -I/Users/leandroalmeida/Library/Developer/Xcode/DerivedData/SwiftTranscriptionSampleApp-crspgurtfqzlqnfnzshbqfekzabt/Build/Intermediates.noindex/SwiftTranscriptionSampleApp.build/Debug-iphonesimulator/SwiftTranscriptionSampleApp.build/DerivedSources -Xcc -DDEBUG\=1 -emit-objc-header -emit-objc-header-path /Users/leandroalmeida/Library/Developer/Xcode/DerivedData/SwiftTranscriptionSampleApp-crspgurtfqzlqnfnzshbqfekzabt/Build/Intermediates.noindex/SwiftTranscriptionSampleApp.build/Debug-iphonesimulator/SwiftTranscriptionSampleApp.build/Objects-normal/arm64/SwiftTranscriptionSampleApp-Swift.h -working-directory /Users/leandroalmeida/Marcação_Cirúrgica -experimental-emit-module-separately -disable-cmo

Copy /Users/leandroalmeida/Library/Developer/Xcode/DerivedData/SwiftTranscriptionSampleApp-crspgurtfqzlqnfnzshbqfekzabt/Build/Products/Debug-iphonesimulator/SwiftTranscriptionSampleApp.swiftmodule/arm64-apple-ios-simulator.abi.json /Users/leandroalmeida/Library/Developer/Xcode/DerivedData/SwiftTranscriptionSampleApp-crspgurtfqzlqnfnzshbqfekzabt/Build/Intermediates.noindex/SwiftTranscriptionSampleApp.build/Debug-iphonesimulator/SwiftTranscriptionSampleApp.build/Objects-normal/arm64/SwiftTranscriptionSampleApp.abi.json (in target 'SwiftTranscriptionSampleApp' from project 'SwiftTranscriptionSampleApp')
    cd /Users/leandroalmeida/Marcação_Cirúrgica
    builtin-copy -exclude .DS_Store -exclude CVS -exclude .svn -exclude .git -exclude .hg -resolve-src-symlinks -rename /Users/leandroalmeida/Library/Developer/Xcode/DerivedData/SwiftTranscriptionSampleApp-crspgurtfqzlqnfnzshbqfekzabt/Build/Intermediates.noindex/SwiftTranscriptionSampleApp.build/Debug-iphonesimulator/SwiftTranscriptionSampleApp.build/Objects-normal/arm64/SwiftTranscriptionSampleApp.abi.json /Users/leandroalmeida/Library/Developer/Xcode/DerivedData/SwiftTranscriptionSampleApp-crspgurtfqzlqnfnzshbqfekzabt/Build/Products/Debug-iphonesimulator/SwiftTranscriptionSampleApp.swiftmodule/arm64-apple-ios-simulator.abi.json

Copy /Users/leandroalmeida/Library/Developer/Xcode/DerivedData/SwiftTranscriptionSampleApp-crspgurtfqzlqnfnzshbqfekzabt/Build/Products/Debug-iphonesimulator/SwiftTranscriptionSampleApp.swiftmodule/Project/arm64-apple-ios-simulator.swiftsourceinfo /Users/leandroalmeida/Library/Developer/Xcode/DerivedData/SwiftTranscriptionSampleApp-crspgurtfqzlqnfnzshbqfekzabt/Build/Intermediates.noindex/SwiftTranscriptionSampleApp.build/Debug-iphonesimulator/SwiftTranscriptionSampleApp.build/Objects-normal/arm64/SwiftTranscriptionSampleApp.swiftsourceinfo (in target 'SwiftTranscriptionSampleApp' from project 'SwiftTranscriptionSampleApp')
    cd /Users/leandroalmeida/Marcação_Cirúrgica
    builtin-copy -exclude .DS_Store -exclude CVS -exclude .svn -exclude .git -exclude .hg -resolve-src-symlinks -rename /Users/leandroalmeida/Library/Developer/Xcode/DerivedData/SwiftTranscriptionSampleApp-crspgurtfqzlqnfnzshbqfekzabt/Build/Intermediates.noindex/SwiftTranscriptionSampleApp.build/Debug-iphonesimulator/SwiftTranscriptionSampleApp.build/Objects-normal/arm64/SwiftTranscriptionSampleApp.swiftsourceinfo /Users/leandroalmeida/Library/Developer/Xcode/DerivedData/SwiftTranscriptionSampleApp-crspgurtfqzlqnfnzshbqfekzabt/Build/Products/Debug-iphonesimulator/SwiftTranscriptionSampleApp.swiftmodule/Project/arm64-apple-ios-simulator.swiftsourceinfo

SwiftDriverJobDiscovery normal arm64 Compiling PostTranscriptionDecisionsView.swift (in target 'SwiftTranscriptionSampleApp' from project 'SwiftTranscriptionSampleApp')

SwiftDriverJobDiscovery normal arm64 Compiling Transcription.swift (in target 'SwiftTranscriptionSampleApp' from project 'SwiftTranscriptionSampleApp')

SwiftCompile normal arm64 Compiling\ ContentView.swift /Users/leandroalmeida/Marcação_Cirúrgica/SwiftTranscriptionSampleApp/Views/ContentView.swift (in target 'SwiftTranscriptionSampleApp' from project 'SwiftTranscriptionSampleApp')

SwiftCompile normal arm64 /Users/leandroalmeida/Marcação_Cirúrgica/SwiftTranscriptionSampleApp/Views/ContentView.swift (in target 'SwiftTranscriptionSampleApp' from project 'SwiftTranscriptionSampleApp')
    cd /Users/leandroalmeida/Marcação_Cirúrgica
    

SwiftCompile normal arm64 Compiling\ Recorder.swift /Users/leandroalmeida/Marcação_Cirúrgica/SwiftTranscriptionSampleApp/Recording\ and\ Transcription/Recorder.swift (in target 'SwiftTranscriptionSampleApp' from project 'SwiftTranscriptionSampleApp')

SwiftCompile normal arm64 /Users/leandroalmeida/Marcação_Cirúrgica/SwiftTranscriptionSampleApp/Recording\ and\ Transcription/Recorder.swift (in target 'SwiftTranscriptionSampleApp' from project 'SwiftTranscriptionSampleApp')
    cd /Users/leandroalmeida/Marcação_Cirúrgica
    
/Users/leandroalmeida/Marcação_Cirúrgica/SwiftTranscriptionSampleApp/Recording and Transcription/Recorder.swift:37:24: warning: 'recordPermission' was deprecated in iOS 17.0: Please use AVAudioApplication recordPermission
        switch session.recordPermission {
                       ^
/Users/leandroalmeida/Marcação_Cirúrgica/SwiftTranscriptionSampleApp/Recording and Transcription/Recorder.swift:44:25: warning: 'requestRecordPermission' was deprecated in iOS 17.0: Please use AVAudioApplication requestRecordPermissionWithCompletionHandler
                session.requestRecordPermission { granted in
                        ^

SwiftCompile normal arm64 Compiling\ FieldTranscriptionView.swift /Users/leandroalmeida/Marcação_Cirúrgica/SwiftTranscriptionSampleApp/Views/FieldTranscriptionView.swift (in target 'SwiftTranscriptionSampleApp' from project 'SwiftTranscriptionSampleApp')
SwiftCompile normal arm64 /Users/leandroalmeida/Marcação_Cirúrgica/SwiftTranscriptionSampleApp/Views/FieldTranscriptionView.swift (in target 'SwiftTranscriptionSampleApp' from project 'SwiftTranscriptionSampleApp')
    cd /Users/leandroalmeida/Marcação_Cirúrgica
    

SwiftDriverJobDiscovery normal arm64 Compiling ContentView.swift (in target 'SwiftTranscriptionSampleApp' from project 'SwiftTranscriptionSampleApp')

SwiftDriverJobDiscovery normal arm64 Compiling FormPreviewView.swift (in target 'SwiftTranscriptionSampleApp' from project 'SwiftTranscriptionSampleApp')

SwiftDriverJobDiscovery normal arm64 Compiling Recorder.swift (in target 'SwiftTranscriptionSampleApp' from project 'SwiftTranscriptionSampleApp')

SwiftDriverJobDiscovery normal arm64 Compiling FormFillerView.swift (in target 'SwiftTranscriptionSampleApp' from project 'SwiftTranscriptionSampleApp')

SwiftDriverJobDiscovery normal arm64 Compiling FieldTranscriptionView.swift (in target 'SwiftTranscriptionSampleApp' from project 'SwiftTranscriptionSampleApp')

SwiftDriver\ Compilation SwiftTranscriptionSampleApp normal arm64 com.apple.xcode.tools.swift.compiler (in target 'SwiftTranscriptionSampleApp' from project 'SwiftTranscriptionSampleApp')
    cd /Users/leandroalmeida/Marcação_Cirúrgica
    builtin-Swift-Compilation -- /Applications/Xcode.app/Contents/Developer/Toolchains/XcodeDefault.xctoolchain/usr/bin/swiftc -module-name SwiftTranscriptionSampleApp -Onone -enforce-exclusivity\=checked @/Users/leandroalmeida/Library/Developer/Xcode/DerivedData/SwiftTranscriptionSampleApp-crspgurtfqzlqnfnzshbqfekzabt/Build/Intermediates.noindex/SwiftTranscriptionSampleApp.build/Debug-iphonesimulator/SwiftTranscriptionSampleApp.build/Objects-normal/arm64/SwiftTranscriptionSampleApp.SwiftFileList -DDEBUG -enable-experimental-feature DebugDescriptionMacro -sdk /Applications/Xcode.app/Contents/Developer/Platforms/iPhoneSimulator.platform/Developer/SDKs/iPhoneSimulator26.0.sdk -target arm64-apple-ios26.0-simulator -g -module-cache-path /Users/leandroalmeida/Library/Developer/Xcode/DerivedData/ModuleCache.noindex -Xfrontend -serialize-debugging-options -enable-testing -index-store-path /Users/leandroalmeida/Library/Developer/Xcode/DerivedData/SwiftTranscriptionSampleApp-crspgurtfqzlqnfnzshbqfekzabt/Index.noindex/DataStore -Xcc -D_LIBCPP_HARDENING_MODE\=_LIBCPP_HARDENING_MODE_DEBUG -swift-version 6 -I /Users/leandroalmeida/Library/Developer/Xcode/DerivedData/SwiftTranscriptionSampleApp-crspgurtfqzlqnfnzshbqfekzabt/Build/Products/Debug-iphonesimulator -F /Users/leandroalmeida/Library/Developer/Xcode/DerivedData/SwiftTranscriptionSampleApp-crspgurtfqzlqnfnzshbqfekzabt/Build/Products/Debug-iphonesimulator -emit-localized-strings -emit-localized-strings-path /Users/leandroalmeida/Library/Developer/Xcode/DerivedData/SwiftTranscriptionSampleApp-crspgurtfqzlqnfnzshbqfekzabt/Build/Intermediates.noindex/SwiftTranscriptionSampleApp.build/Debug-iphonesimulator/SwiftTranscriptionSampleApp.build/Objects-normal/arm64 -c -j8 -enable-batch-mode -incremental -Xcc -ivfsstatcache -Xcc /Users/leandroalmeida/Library/Developer/Xcode/DerivedData/SDKStatCaches.noindex/iphonesimulator26.0-23A339-3885c01c3e6b6a337905948deab2002e26257891a6c027eb51374368541b8346.sdkstatcache -output-file-map /Users/leandroalmeida/Library/Developer/Xcode/DerivedData/SwiftTranscriptionSampleApp-crspgurtfqzlqnfnzshbqfekzabt/Build/Intermediates.noindex/SwiftTranscriptionSampleApp.build/Debug-iphonesimulator/SwiftTranscriptionSampleApp.build/Objects-normal/arm64/SwiftTranscriptionSampleApp-OutputFileMap.json -use-frontend-parseable-output -save-temps -no-color-diagnostics -explicit-module-build -module-cache-path /Users/leandroalmeida/Library/Developer/Xcode/DerivedData/SwiftTranscriptionSampleApp-crspgurtfqzlqnfnzshbqfekzabt/Build/Intermediates.noindex/SwiftExplicitPrecompiledModules -clang-scanner-module-cache-path /Users/leandroalmeida/Library/Developer/Xcode/DerivedData/ModuleCache.noindex -sdk-module-cache-path /Users/leandroalmeida/Library/Developer/Xcode/DerivedData/ModuleCache.noindex -serialize-diagnostics -emit-dependencies -emit-module -emit-module-path /Users/leandroalmeida/Library/Developer/Xcode/DerivedData/SwiftTranscriptionSampleApp-crspgurtfqzlqnfnzshbqfekzabt/Build/Intermediates.noindex/SwiftTranscriptionSampleApp.build/Debug-iphonesimulator/SwiftTranscriptionSampleApp.build/Objects-normal/arm64/SwiftTranscriptionSampleApp.swiftmodule -validate-clang-modules-once -clang-build-session-file /Users/leandroalmeida/Library/Developer/Xcode/DerivedData/ModuleCache.noindex/Session.modulevalidation -Xcc -I/Users/leandroalmeida/Library/Developer/Xcode/DerivedData/SwiftTranscriptionSampleApp-crspgurtfqzlqnfnzshbqfekzabt/Build/Intermediates.noindex/SwiftTranscriptionSampleApp.build/Debug-iphonesimulator/SwiftTranscriptionSampleApp.build/swift-overrides.hmap -emit-const-values -Xfrontend -const-gather-protocols-file -Xfrontend /Users/leandroalmeida/Library/Developer/Xcode/DerivedData/SwiftTranscriptionSampleApp-crspgurtfqzlqnfnzshbqfekzabt/Build/Intermediates.noindex/SwiftTranscriptionSampleApp.build/Debug-iphonesimulator/SwiftTranscriptionSampleApp.build/Objects-normal/arm64/SwiftTranscriptionSampleApp_const_extract_protocols.json -Xcc -iquote -Xcc /Users/leandroalmeida/Library/Developer/Xcode/DerivedData/SwiftTranscriptionSampleApp-crspgurtfqzlqnfnzshbqfekzabt/Build/Intermediates.noindex/SwiftTranscriptionSampleApp.build/Debug-iphonesimulator/SwiftTranscriptionSampleApp.build/SwiftTranscriptionSampleApp-generated-files.hmap -Xcc -I/Users/leandroalmeida/Library/Developer/Xcode/DerivedData/SwiftTranscriptionSampleApp-crspgurtfqzlqnfnzshbqfekzabt/Build/Intermediates.noindex/SwiftTranscriptionSampleApp.build/Debug-iphonesimulator/SwiftTranscriptionSampleApp.build/SwiftTranscriptionSampleApp-own-target-headers.hmap -Xcc -I/Users/leandroalmeida/Library/Developer/Xcode/DerivedData/SwiftTranscriptionSampleApp-crspgurtfqzlqnfnzshbqfekzabt/Build/Intermediates.noindex/SwiftTranscriptionSampleApp.build/Debug-iphonesimulator/SwiftTranscriptionSampleApp.build/SwiftTranscriptionSampleApp-all-target-headers.hmap -Xcc -iquote -Xcc /Users/leandroalmeida/Library/Developer/Xcode/DerivedData/SwiftTranscriptionSampleApp-crspgurtfqzlqnfnzshbqfekzabt/Build/Intermediates.noindex/SwiftTranscriptionSampleApp.build/Debug-iphonesimulator/SwiftTranscriptionSampleApp.build/SwiftTranscriptionSampleApp-project-headers.hmap -Xcc -I/Users/leandroalmeida/Library/Developer/Xcode/DerivedData/SwiftTranscriptionSampleApp-crspgurtfqzlqnfnzshbqfekzabt/Build/Products/Debug-iphonesimulator/include -Xcc -I/Users/leandroalmeida/Library/Developer/Xcode/DerivedData/SwiftTranscriptionSampleApp-crspgurtfqzlqnfnzshbqfekzabt/Build/Intermediates.noindex/SwiftTranscriptionSampleApp.build/Debug-iphonesimulator/SwiftTranscriptionSampleApp.build/DerivedSources-normal/arm64 -Xcc -I/Users/leandroalmeida/Library/Developer/Xcode/DerivedData/SwiftTranscriptionSampleApp-crspgurtfqzlqnfnzshbqfekzabt/Build/Intermediates.noindex/SwiftTranscriptionSampleApp.build/Debug-iphonesimulator/SwiftTranscriptionSampleApp.build/DerivedSources/arm64 -Xcc -I/Users/leandroalmeida/Library/Developer/Xcode/DerivedData/SwiftTranscriptionSampleApp-crspgurtfqzlqnfnzshbqfekzabt/Build/Intermediates.noindex/SwiftTranscriptionSampleApp.build/Debug-iphonesimulator/SwiftTranscriptionSampleApp.build/DerivedSources -Xcc -DDEBUG\=1 -emit-objc-header -emit-objc-header-path /Users/leandroalmeida/Library/Developer/Xcode/DerivedData/SwiftTranscriptionSampleApp-crspgurtfqzlqnfnzshbqfekzabt/Build/Intermediates.noindex/SwiftTranscriptionSampleApp.build/Debug-iphonesimulator/SwiftTranscriptionSampleApp.build/Objects-normal/arm64/SwiftTranscriptionSampleApp-Swift.h -working-directory /Users/leandroalmeida/Marcação_Cirúrgica -experimental-emit-module-separately -disable-cmo

Ld /Users/leandroalmeida/Library/Developer/Xcode/DerivedData/SwiftTranscriptionSampleApp-crspgurtfqzlqnfnzshbqfekzabt/Build/Products/Debug-iphonesimulator/SwiftTranscriptionSampleApp.app/SwiftTranscriptionSampleApp.debug.dylib normal (in target 'SwiftTranscriptionSampleApp' from project 'SwiftTranscriptionSampleApp')
    cd /Users/leandroalmeida/Marcação_Cirúrgica
    /Applications/Xcode.app/Contents/Developer/Toolchains/XcodeDefault.xctoolchain/usr/bin/clang -Xlinker -reproducible -target arm64-apple-ios26.0-simulator -dynamiclib -isysroot /Applications/Xcode.app/Contents/Developer/Platforms/iPhoneSimulator.platform/Developer/SDKs/iPhoneSimulator26.0.sdk -O0 -L/Users/leandroalmeida/Library/Developer/Xcode/DerivedData/SwiftTranscriptionSampleApp-crspgurtfqzlqnfnzshbqfekzabt/Build/Intermediates.noindex/EagerLinkingTBDs/Debug-iphonesimulator -L/Users/leandroalmeida/Library/Developer/Xcode/DerivedData/SwiftTranscriptionSampleApp-crspgurtfqzlqnfnzshbqfekzabt/Build/Products/Debug-iphonesimulator -F/Users/leandroalmeida/Library/Developer/Xcode/DerivedData/SwiftTranscriptionSampleApp-crspgurtfqzlqnfnzshbqfekzabt/Build/Intermediates.noindex/EagerLinkingTBDs/Debug-iphonesimulator -F/Users/leandroalmeida/Library/Developer/Xcode/DerivedData/SwiftTranscriptionSampleApp-crspgurtfqzlqnfnzshbqfekzabt/Build/Products/Debug-iphonesimulator -filelist /Users/leandroalmeida/Library/Developer/Xcode/DerivedData/SwiftTranscriptionSampleApp-crspgurtfqzlqnfnzshbqfekzabt/Build/Intermediates.noindex/SwiftTranscriptionSampleApp.build/Debug-iphonesimulator/SwiftTranscriptionSampleApp.build/Objects-normal/arm64/SwiftTranscriptionSampleApp.LinkFileList -install_name @rpath/SwiftTranscriptionSampleApp.debug.dylib -Xlinker -rpath -Xlinker @executable_path/Frameworks -dead_strip -Xlinker -object_path_lto -Xlinker /Users/leandroalmeida/Library/Developer/Xcode/DerivedData/SwiftTranscriptionSampleApp-crspgurtfqzlqnfnzshbqfekzabt/Build/Intermediates.noindex/SwiftTranscriptionSampleApp.build/Debug-iphonesimulator/SwiftTranscriptionSampleApp.build/Objects-normal/arm64/SwiftTranscriptionSampleApp_lto.o -rdynamic -Xlinker -no_deduplicate -Xlinker -objc_abi_version -Xlinker 2 -Xlinker -dependency_info -Xlinker /Users/leandroalmeida/Library/Developer/Xcode/DerivedData/SwiftTranscriptionSampleApp-crspgurtfqzlqnfnzshbqfekzabt/Build/Intermediates.noindex/SwiftTranscriptionSampleApp.build/Debug-iphonesimulator/SwiftTranscriptionSampleApp.build/Objects-normal/arm64/SwiftTranscriptionSampleApp_dependency_info.dat -fobjc-link-runtime -L/Applications/Xcode.app/Contents/Developer/Toolchains/XcodeDefault.xctoolchain/usr/lib/swift/iphonesimulator -L/usr/lib/swift -Xlinker -add_ast_path -Xlinker /Users/leandroalmeida/Library/Developer/Xcode/DerivedData/SwiftTranscriptionSampleApp-crspgurtfqzlqnfnzshbqfekzabt/Build/Intermediates.noindex/SwiftTranscriptionSampleApp.build/Debug-iphonesimulator/SwiftTranscriptionSampleApp.build/Objects-normal/arm64/SwiftTranscriptionSampleApp.swiftmodule @/Users/leandroalmeida/Library/Developer/Xcode/DerivedData/SwiftTranscriptionSampleApp-crspgurtfqzlqnfnzshbqfekzabt/Build/Intermediates.noindex/SwiftTranscriptionSampleApp.build/Debug-iphonesimulator/SwiftTranscriptionSampleApp.build/Objects-normal/arm64/SwiftTranscriptionSampleApp-linker-args.resp -Xlinker -alias -Xlinker _main -Xlinker ___debug_main_executable_dylib_entry_point -framework Speech -framework FoundationModels -Xlinker -no_adhoc_codesign -o /Users/leandroalmeida/Library/Developer/Xcode/DerivedData/SwiftTranscriptionSampleApp-crspgurtfqzlqnfnzshbqfekzabt/Build/Products/Debug-iphonesimulator/SwiftTranscriptionSampleApp.app/SwiftTranscriptionSampleApp.debug.dylib

ConstructStubExecutorLinkFileList /Users/leandroalmeida/Library/Developer/Xcode/DerivedData/SwiftTranscriptionSampleApp-crspgurtfqzlqnfnzshbqfekzabt/Build/Intermediates.noindex/SwiftTranscriptionSampleApp.build/Debug-iphonesimulator/SwiftTranscriptionSampleApp.build/SwiftTranscriptionSampleApp-ExecutorLinkFileList-normal-arm64.txt (in target 'SwiftTranscriptionSampleApp' from project 'SwiftTranscriptionSampleApp')
    cd /Users/leandroalmeida/Marcação_Cirúrgica
    construct-stub-executor-link-file-list /Users/leandroalmeida/Library/Developer/Xcode/DerivedData/SwiftTranscriptionSampleApp-crspgurtfqzlqnfnzshbqfekzabt/Build/Products/Debug-iphonesimulator/SwiftTranscriptionSampleApp.app/SwiftTranscriptionSampleApp.debug.dylib /Applications/Xcode.app/Contents/Developer/Platforms/iPhoneSimulator.platform/Developer/usr/lib/libPreviewsJITStubExecutor_no_swift_entry_point.a /Applications/Xcode.app/Contents/Developer/Platforms/iPhoneSimulator.platform/Developer/usr/lib/libPreviewsJITStubExecutor.a --output /Users/leandroalmeida/Library/Developer/Xcode/DerivedData/SwiftTranscriptionSampleApp-crspgurtfqzlqnfnzshbqfekzabt/Build/Intermediates.noindex/SwiftTranscriptionSampleApp.build/Debug-iphonesimulator/SwiftTranscriptionSampleApp.build/SwiftTranscriptionSampleApp-ExecutorLinkFileList-normal-arm64.txt
note: Using stub executor library with Swift entry point. (in target 'SwiftTranscriptionSampleApp' from project 'SwiftTranscriptionSampleApp')

Ld /Users/leandroalmeida/Library/Developer/Xcode/DerivedData/SwiftTranscriptionSampleApp-crspgurtfqzlqnfnzshbqfekzabt/Build/Products/Debug-iphonesimulator/SwiftTranscriptionSampleApp.app/SwiftTranscriptionSampleApp normal (in target 'SwiftTranscriptionSampleApp' from project 'SwiftTranscriptionSampleApp')
    cd /Users/leandroalmeida/Marcação_Cirúrgica
    /Applications/Xcode.app/Contents/Developer/Toolchains/XcodeDefault.xctoolchain/usr/bin/clang -Xlinker -reproducible -target arm64-apple-ios26.0-simulator -isysroot /Applications/Xcode.app/Contents/Developer/Platforms/iPhoneSimulator.platform/Developer/SDKs/iPhoneSimulator26.0.sdk -O0 -L/Users/leandroalmeida/Library/Developer/Xcode/DerivedData/SwiftTranscriptionSampleApp-crspgurtfqzlqnfnzshbqfekzabt/Build/Products/Debug-iphonesimulator -F/Users/leandroalmeida/Library/Developer/Xcode/DerivedData/SwiftTranscriptionSampleApp-crspgurtfqzlqnfnzshbqfekzabt/Build/Products/Debug-iphonesimulator -Xlinker -rpath -Xlinker @executable_path -Xlinker -rpath -Xlinker @executable_path/Frameworks -rdynamic -Xlinker -no_deduplicate -Xlinker -objc_abi_version -Xlinker 2 -e ___debug_blank_executor_main -Xlinker -sectcreate -Xlinker __TEXT -Xlinker __debug_dylib -Xlinker /Users/leandroalmeida/Library/Developer/Xcode/DerivedData/SwiftTranscriptionSampleApp-crspgurtfqzlqnfnzshbqfekzabt/Build/Intermediates.noindex/SwiftTranscriptionSampleApp.build/Debug-iphonesimulator/SwiftTranscriptionSampleApp.build/SwiftTranscriptionSampleApp-DebugDylibPath-normal-arm64.txt -Xlinker -sectcreate -Xlinker __TEXT -Xlinker __debug_instlnm -Xlinker /Users/leandroalmeida/Library/Developer/Xcode/DerivedData/SwiftTranscriptionSampleApp-crspgurtfqzlqnfnzshbqfekzabt/Build/Intermediates.noindex/SwiftTranscriptionSampleApp.build/Debug-iphonesimulator/SwiftTranscriptionSampleApp.build/SwiftTranscriptionSampleApp-DebugDylibInstallName-normal-arm64.txt -Xlinker -filelist -Xlinker /Users/leandroalmeida/Library/Developer/Xcode/DerivedData/SwiftTranscriptionSampleApp-crspgurtfqzlqnfnzshbqfekzabt/Build/Intermediates.noindex/SwiftTranscriptionSampleApp.build/Debug-iphonesimulator/SwiftTranscriptionSampleApp.build/SwiftTranscriptionSampleApp-ExecutorLinkFileList-normal-arm64.txt -Xlinker -sectcreate -Xlinker __TEXT -Xlinker __entitlements -Xlinker /Users/leandroalmeida/Library/Developer/Xcode/DerivedData/SwiftTranscriptionSampleApp-crspgurtfqzlqnfnzshbqfekzabt/Build/Intermediates.noindex/SwiftTranscriptionSampleApp.build/Debug-iphonesimulator/SwiftTranscriptionSampleApp.build/SwiftTranscriptionSampleApp.app-Simulated.xcent -Xlinker -sectcreate -Xlinker __TEXT -Xlinker __ents_der -Xlinker /Users/leandroalmeida/Library/Developer/Xcode/DerivedData/SwiftTranscriptionSampleApp-crspgurtfqzlqnfnzshbqfekzabt/Build/Intermediates.noindex/SwiftTranscriptionSampleApp.build/Debug-iphonesimulator/SwiftTranscriptionSampleApp.build/SwiftTranscriptionSampleApp.app-Simulated.xcent.der /Users/leandroalmeida/Library/Developer/Xcode/DerivedData/SwiftTranscriptionSampleApp-crspgurtfqzlqnfnzshbqfekzabt/Build/Products/Debug-iphonesimulator/SwiftTranscriptionSampleApp.app/SwiftTranscriptionSampleApp.debug.dylib -Xlinker -no_adhoc_codesign -o /Users/leandroalmeida/Library/Developer/Xcode/DerivedData/SwiftTranscriptionSampleApp-crspgurtfqzlqnfnzshbqfekzabt/Build/Products/Debug-iphonesimulator/SwiftTranscriptionSampleApp.app/SwiftTranscriptionSampleApp

CopySwiftLibs /Users/leandroalmeida/Library/Developer/Xcode/DerivedData/SwiftTranscriptionSampleApp-crspgurtfqzlqnfnzshbqfekzabt/Build/Products/Debug-iphonesimulator/SwiftTranscriptionSampleApp.app (in target 'SwiftTranscriptionSampleApp' from project 'SwiftTranscriptionSampleApp')
    cd /Users/leandroalmeida/Marcação_Cirúrgica
    builtin-swiftStdLibTool --copy --verbose --sign - --scan-executable /Users/leandroalmeida/Library/Developer/Xcode/DerivedData/SwiftTranscriptionSampleApp-crspgurtfqzlqnfnzshbqfekzabt/Build/Products/Debug-iphonesimulator/SwiftTranscriptionSampleApp.app/SwiftTranscriptionSampleApp.debug.dylib --scan-folder /Users/leandroalmeida/Library/Developer/Xcode/DerivedData/SwiftTranscriptionSampleApp-crspgurtfqzlqnfnzshbqfekzabt/Build/Products/Debug-iphonesimulator/SwiftTranscriptionSampleApp.app/Frameworks --scan-folder /Users/leandroalmeida/Library/Developer/Xcode/DerivedData/SwiftTranscriptionSampleApp-crspgurtfqzlqnfnzshbqfekzabt/Build/Products/Debug-iphonesimulator/SwiftTranscriptionSampleApp.app/PlugIns --scan-folder /Users/leandroalmeida/Library/Developer/Xcode/DerivedData/SwiftTranscriptionSampleApp-crspgurtfqzlqnfnzshbqfekzabt/Build/Products/Debug-iphonesimulator/SwiftTranscriptionSampleApp.app/SystemExtensions --scan-folder /Users/leandroalmeida/Library/Developer/Xcode/DerivedData/SwiftTranscriptionSampleApp-crspgurtfqzlqnfnzshbqfekzabt/Build/Products/Debug-iphonesimulator/SwiftTranscriptionSampleApp.app/Extensions --scan-folder /Applications/Xcode.app/Contents/Developer/Platforms/iPhoneOS.platform/Developer/SDKs/iPhoneOS26.0.sdk/System/Library/Frameworks/Speech.framework --scan-folder /Applications/Xcode.app/Contents/Developer/Platforms/iPhoneOS.platform/Developer/SDKs/iPhoneOS26.0.sdk/System/Library/Frameworks/FoundationModels.framework --platform iphonesimulator --toolchain /Users/leandroalmeida/Library/Developer/DVTDownloads/MetalToolchain/mounts/4ab058bc1c53034b8c0a9baca6fba2d2b78bb965/Metal.xctoolchain --toolchain /Applications/Xcode.app/Contents/Developer/Toolchains/XcodeDefault.xctoolchain --destination /Users/leandroalmeida/Library/Developer/Xcode/DerivedData/SwiftTranscriptionSampleApp-crspgurtfqzlqnfnzshbqfekzabt/Build/Products/Debug-iphonesimulator/SwiftTranscriptionSampleApp.app/Frameworks --strip-bitcode --strip-bitcode-tool /Applications/Xcode.app/Contents/Developer/Toolchains/XcodeDefault.xctoolchain/usr/bin/bitcode_strip --emit-dependency-info /Users/leandroalmeida/Library/Developer/Xcode/DerivedData/SwiftTranscriptionSampleApp-crspgurtfqzlqnfnzshbqfekzabt/Build/Intermediates.noindex/SwiftTranscriptionSampleApp.build/Debug-iphonesimulator/SwiftTranscriptionSampleApp.build/SwiftStdLibToolInputDependencies.dep --filter-for-swift-os

ExtractAppIntentsMetadata (in target 'SwiftTranscriptionSampleApp' from project 'SwiftTranscriptionSampleApp')
    cd /Users/leandroalmeida/Marcação_Cirúrgica
    /Applications/Xcode.app/Contents/Developer/Toolchains/XcodeDefault.xctoolchain/usr/bin/appintentsmetadataprocessor --toolchain-dir /Users/leandroalmeida/Library/Developer/DVTDownloads/MetalToolchain/mounts/4ab058bc1c53034b8c0a9baca6fba2d2b78bb965/Metal.xctoolchain --module-name SwiftTranscriptionSampleApp --sdk-root /Applications/Xcode.app/Contents/Developer/Platforms/iPhoneSimulator.platform/Developer/SDKs/iPhoneSimulator26.0.sdk --xcode-version 17A324 --platform-family iOS --deployment-target 26.0 --bundle-identifier com.example.apple-samplecode.SwiftTranscriptionSampleApp --output /Users/leandroalmeida/Library/Developer/Xcode/DerivedData/SwiftTranscriptionSampleApp-crspgurtfqzlqnfnzshbqfekzabt/Build/Products/Debug-iphonesimulator/SwiftTranscriptionSampleApp.app --target-triple arm64-apple-ios26.0-simulator --binary-file /Users/leandroalmeida/Library/Developer/Xcode/DerivedData/SwiftTranscriptionSampleApp-crspgurtfqzlqnfnzshbqfekzabt/Build/Products/Debug-iphonesimulator/SwiftTranscriptionSampleApp.app/SwiftTranscriptionSampleApp --dependency-file /Users/leandroalmeida/Library/Developer/Xcode/DerivedData/SwiftTranscriptionSampleApp-crspgurtfqzlqnfnzshbqfekzabt/Build/Intermediates.noindex/SwiftTranscriptionSampleApp.build/Debug-iphonesimulator/SwiftTranscriptionSampleApp.build/Objects-normal/arm64/SwiftTranscriptionSampleApp_dependency_info.dat --stringsdata-file /Users/leandroalmeida/Library/Developer/Xcode/DerivedData/SwiftTranscriptionSampleApp-crspgurtfqzlqnfnzshbqfekzabt/Build/Intermediates.noindex/SwiftTranscriptionSampleApp.build/Debug-iphonesimulator/SwiftTranscriptionSampleApp.build/Objects-normal/arm64/ExtractedAppShortcutsMetadata.stringsdata --source-file-list /Users/leandroalmeida/Library/Developer/Xcode/DerivedData/SwiftTranscriptionSampleApp-crspgurtfqzlqnfnzshbqfekzabt/Build/Intermediates.noindex/SwiftTranscriptionSampleApp.build/Debug-iphonesimulator/SwiftTranscriptionSampleApp.build/Objects-normal/arm64/SwiftTranscriptionSampleApp.SwiftFileList --metadata-file-list /Users/leandroalmeida/Library/Developer/Xcode/DerivedData/SwiftTranscriptionSampleApp-crspgurtfqzlqnfnzshbqfekzabt/Build/Intermediates.noindex/SwiftTranscriptionSampleApp.build/Debug-iphonesimulator/SwiftTranscriptionSampleApp.build/SwiftTranscriptionSampleApp.DependencyMetadataFileList --static-metadata-file-list /Users/leandroalmeida/Library/Developer/Xcode/DerivedData/SwiftTranscriptionSampleApp-crspgurtfqzlqnfnzshbqfekzabt/Build/Intermediates.noindex/SwiftTranscriptionSampleApp.build/Debug-iphonesimulator/SwiftTranscriptionSampleApp.build/SwiftTranscriptionSampleApp.DependencyStaticMetadataFileList --swift-const-vals-list /Users/leandroalmeida/Library/Developer/Xcode/DerivedData/SwiftTranscriptionSampleApp-crspgurtfqzlqnfnzshbqfekzabt/Build/Intermediates.noindex/SwiftTranscriptionSampleApp.build/Debug-iphonesimulator/SwiftTranscriptionSampleApp.build/Objects-normal/arm64/SwiftTranscriptionSampleApp.SwiftConstValuesFileList --compile-time-extraction --deployment-aware-processing --validate-assistant-intents --no-app-shortcuts-localization
2025-09-18 02:27:11.123 appintentsmetadataprocessor[36503:342635] Starting appintentsmetadataprocessor export
2025-09-18 02:27:11.126 appintentsmetadataprocessor[36503:342635] warning: Metadata extraction skipped. No AppIntents.framework dependency found.

AppIntentsSSUTraining (in target 'SwiftTranscriptionSampleApp' from project 'SwiftTranscriptionSampleApp')
    cd /Users/leandroalmeida/Marcação_Cirúrgica
    /Applications/Xcode.app/Contents/Developer/Toolchains/XcodeDefault.xctoolchain/usr/bin/appintentsnltrainingprocessor --infoplist-path /Users/leandroalmeida/Library/Developer/Xcode/DerivedData/SwiftTranscriptionSampleApp-crspgurtfqzlqnfnzshbqfekzabt/Build/Products/Debug-iphonesimulator/SwiftTranscriptionSampleApp.app/Info.plist --temp-dir-path /Users/leandroalmeida/Library/Developer/Xcode/DerivedData/SwiftTranscriptionSampleApp-crspgurtfqzlqnfnzshbqfekzabt/Build/Intermediates.noindex/SwiftTranscriptionSampleApp.build/Debug-iphonesimulator/SwiftTranscriptionSampleApp.build/ssu --bundle-id com.example.apple-samplecode.SwiftTranscriptionSampleApp --product-path /Users/leandroalmeida/Library/Developer/Xcode/DerivedData/SwiftTranscriptionSampleApp-crspgurtfqzlqnfnzshbqfekzabt/Build/Products/Debug-iphonesimulator/SwiftTranscriptionSampleApp.app --extracted-metadata-path /Users/leandroalmeida/Library/Developer/Xcode/DerivedData/SwiftTranscriptionSampleApp-crspgurtfqzlqnfnzshbqfekzabt/Build/Products/Debug-iphonesimulator/SwiftTranscriptionSampleApp.app/Metadata.appintents --metadata-file-list /Users/leandroalmeida/Library/Developer/Xcode/DerivedData/SwiftTranscriptionSampleApp-crspgurtfqzlqnfnzshbqfekzabt/Build/Intermediates.noindex/SwiftTranscriptionSampleApp.build/Debug-iphonesimulator/SwiftTranscriptionSampleApp.build/SwiftTranscriptionSampleApp.DependencyMetadataFileList --archive-ssu-assets
2025-09-18 02:27:11.144 appintentsnltrainingprocessor[36504:342636] Parsing options for appintentsnltrainingprocessor
2025-09-18 02:27:11.144 appintentsnltrainingprocessor[36504:342636] No AppShortcuts found - Skipping.

ProcessInfoPlistFile /Users/leandroalmeida/Library/Developer/Xcode/DerivedData/SwiftTranscriptionSampleApp-crspgurtfqzlqnfnzshbqfekzabt/Build/Products/Debug-iphonesimulator/SwiftTranscriptionSampleApp.app/PlugIns/SwiftTranscriptionSampleAppTests.xctest/Info.plist /Users/leandroalmeida/Library/Developer/Xcode/DerivedData/SwiftTranscriptionSampleApp-crspgurtfqzlqnfnzshbqfekzabt/Build/Intermediates.noindex/SwiftTranscriptionSampleApp.build/Debug-iphonesimulator/SwiftTranscriptionSampleAppTests.build/empty-SwiftTranscriptionSampleAppTests.plist (in target 'SwiftTranscriptionSampleAppTests' from project 'SwiftTranscriptionSampleApp')
    cd /Users/leandroalmeida/Marcação_Cirúrgica
    builtin-infoPlistUtility /Users/leandroalmeida/Library/Developer/Xcode/DerivedData/SwiftTranscriptionSampleApp-crspgurtfqzlqnfnzshbqfekzabt/Build/Intermediates.noindex/SwiftTranscriptionSampleApp.build/Debug-iphonesimulator/SwiftTranscriptionSampleAppTests.build/empty-SwiftTranscriptionSampleAppTests.plist -producttype com.apple.product-type.bundle.unit-test -expandbuildsettings -format binary -platform iphonesimulator -o /Users/leandroalmeida/Library/Developer/Xcode/DerivedData/SwiftTranscriptionSampleApp-crspgurtfqzlqnfnzshbqfekzabt/Build/Products/Debug-iphonesimulator/SwiftTranscriptionSampleApp.app/PlugIns/SwiftTranscriptionSampleAppTests.xctest/Info.plist

Ld /Users/leandroalmeida/Library/Developer/Xcode/DerivedData/SwiftTranscriptionSampleApp-crspgurtfqzlqnfnzshbqfekzabt/Build/Products/Debug-iphonesimulator/SwiftTranscriptionSampleApp.app/PlugIns/SwiftTranscriptionSampleAppTests.xctest/SwiftTranscriptionSampleAppTests normal (in target 'SwiftTranscriptionSampleAppTests' from project 'SwiftTranscriptionSampleApp')
    cd /Users/leandroalmeida/Marcação_Cirúrgica
    /Applications/Xcode.app/Contents/Developer/Toolchains/XcodeDefault.xctoolchain/usr/bin/clang -Xlinker -reproducible -target arm64-apple-ios26.0-simulator -bundle -isysroot /Applications/Xcode.app/Contents/Developer/Platforms/iPhoneSimulator.platform/Developer/SDKs/iPhoneSimulator26.0.sdk -O0 -L/Users/leandroalmeida/Library/Developer/Xcode/DerivedData/SwiftTranscriptionSampleApp-crspgurtfqzlqnfnzshbqfekzabt/Build/Intermediates.noindex/EagerLinkingTBDs/Debug-iphonesimulator -L/Users/leandroalmeida/Library/Developer/Xcode/DerivedData/SwiftTranscriptionSampleApp-crspgurtfqzlqnfnzshbqfekzabt/Build/Products/Debug-iphonesimulator -L/Applications/Xcode.app/Contents/Developer/Platforms/iPhoneSimulator.platform/Developer/usr/lib -F/Users/leandroalmeida/Library/Developer/Xcode/DerivedData/SwiftTranscriptionSampleApp-crspgurtfqzlqnfnzshbqfekzabt/Build/Intermediates.noindex/EagerLinkingTBDs/Debug-iphonesimulator -F/Users/leandroalmeida/Library/Developer/Xcode/DerivedData/SwiftTranscriptionSampleApp-crspgurtfqzlqnfnzshbqfekzabt/Build/Products/Debug-iphonesimulator -iframework /Applications/Xcode.app/Contents/Developer/Platforms/iPhoneSimulator.platform/Developer/Library/Frameworks -iframework /Applications/Xcode.app/Contents/Developer/Platforms/iPhoneSimulator.platform/Developer/SDKs/iPhoneSimulator26.0.sdk/Developer/Library/Frameworks -filelist /Users/leandroalmeida/Library/Developer/Xcode/DerivedData/SwiftTranscriptionSampleApp-crspgurtfqzlqnfnzshbqfekzabt/Build/Intermediates.noindex/SwiftTranscriptionSampleApp.build/Debug-iphonesimulator/SwiftTranscriptionSampleAppTests.build/Objects-normal/arm64/SwiftTranscriptionSampleAppTests.LinkFileList -Xlinker -rpath -Xlinker @loader_path/Frameworks -Xlinker -rpath -Xlinker @executable_path/Frameworks -dead_strip -bundle_loader /Users/leandroalmeida/Library/Developer/Xcode/DerivedData/SwiftTranscriptionSampleApp-crspgurtfqzlqnfnzshbqfekzabt/Build/Products/Debug-iphonesimulator/SwiftTranscriptionSampleApp.app/SwiftTranscriptionSampleApp -Xlinker -object_path_lto -Xlinker /Users/leandroalmeida/Library/Developer/Xcode/DerivedData/SwiftTranscriptionSampleApp-crspgurtfqzlqnfnzshbqfekzabt/Build/Intermediates.noindex/SwiftTranscriptionSampleApp.build/Debug-iphonesimulator/SwiftTranscriptionSampleAppTests.build/Objects-normal/arm64/SwiftTranscriptionSampleAppTests_lto.o -rdynamic -Xlinker -no_deduplicate -Xlinker -objc_abi_version -Xlinker 2 -Xlinker -dependency_info -Xlinker /Users/leandroalmeida/Library/Developer/Xcode/DerivedData/SwiftTranscriptionSampleApp-crspgurtfqzlqnfnzshbqfekzabt/Build/Intermediates.noindex/SwiftTranscriptionSampleApp.build/Debug-iphonesimulator/SwiftTranscriptionSampleAppTests.build/Objects-normal/arm64/SwiftTranscriptionSampleAppTests_dependency_info.dat -fobjc-link-runtime -L/Applications/Xcode.app/Contents/Developer/Toolchains/XcodeDefault.xctoolchain/usr/lib/swift/iphonesimulator -L/usr/lib/swift -Xlinker -add_ast_path -Xlinker /Users/leandroalmeida/Library/Developer/Xcode/DerivedData/SwiftTranscriptionSampleApp-crspgurtfqzlqnfnzshbqfekzabt/Build/Intermediates.noindex/SwiftTranscriptionSampleApp.build/Debug-iphonesimulator/SwiftTranscriptionSampleAppTests.build/Objects-normal/arm64/SwiftTranscriptionSampleAppTests.swiftmodule @/Users/leandroalmeida/Library/Developer/Xcode/DerivedData/SwiftTranscriptionSampleApp-crspgurtfqzlqnfnzshbqfekzabt/Build/Intermediates.noindex/SwiftTranscriptionSampleApp.build/Debug-iphonesimulator/SwiftTranscriptionSampleAppTests.build/Objects-normal/arm64/SwiftTranscriptionSampleAppTests-linker-args.resp -Xlinker -needed_framework -Xlinker XCTest -framework XCTest -Xlinker -needed-lXCTestSwiftSupport -lXCTestSwiftSupport /Users/leandroalmeida/Library/Developer/Xcode/DerivedData/SwiftTranscriptionSampleApp-crspgurtfqzlqnfnzshbqfekzabt/Build/Products/Debug-iphonesimulator/SwiftTranscriptionSampleApp.app/SwiftTranscriptionSampleApp.debug.dylib -Xlinker -no_adhoc_codesign -o /Users/leandroalmeida/Library/Developer/Xcode/DerivedData/SwiftTranscriptionSampleApp-crspgurtfqzlqnfnzshbqfekzabt/Build/Products/Debug-iphonesimulator/SwiftTranscriptionSampleApp.app/PlugIns/SwiftTranscriptionSampleAppTests.xctest/SwiftTranscriptionSampleAppTests

CopySwiftLibs /Users/leandroalmeida/Library/Developer/Xcode/DerivedData/SwiftTranscriptionSampleApp-crspgurtfqzlqnfnzshbqfekzabt/Build/Products/Debug-iphonesimulator/SwiftTranscriptionSampleApp.app/PlugIns/SwiftTranscriptionSampleAppTests.xctest (in target 'SwiftTranscriptionSampleAppTests' from project 'SwiftTranscriptionSampleApp')
    cd /Users/leandroalmeida/Marcação_Cirúrgica
    builtin-swiftStdLibTool --copy --verbose --sign - --scan-executable /Users/leandroalmeida/Library/Developer/Xcode/DerivedData/SwiftTranscriptionSampleApp-crspgurtfqzlqnfnzshbqfekzabt/Build/Products/Debug-iphonesimulator/SwiftTranscriptionSampleApp.app/PlugIns/SwiftTranscriptionSampleAppTests.xctest/SwiftTranscriptionSampleAppTests --scan-folder /Users/leandroalmeida/Library/Developer/Xcode/DerivedData/SwiftTranscriptionSampleApp-crspgurtfqzlqnfnzshbqfekzabt/Build/Products/Debug-iphonesimulator/SwiftTranscriptionSampleApp.app/PlugIns/SwiftTranscriptionSampleAppTests.xctest/Frameworks --scan-folder /Users/leandroalmeida/Library/Developer/Xcode/DerivedData/SwiftTranscriptionSampleApp-crspgurtfqzlqnfnzshbqfekzabt/Build/Products/Debug-iphonesimulator/SwiftTranscriptionSampleApp.app/PlugIns/SwiftTranscriptionSampleAppTests.xctest/PlugIns --scan-folder /Users/leandroalmeida/Library/Developer/Xcode/DerivedData/SwiftTranscriptionSampleApp-crspgurtfqzlqnfnzshbqfekzabt/Build/Products/Debug-iphonesimulator/SwiftTranscriptionSampleApp.app/PlugIns/SwiftTranscriptionSampleAppTests.xctest/SystemExtensions --scan-folder /Users/leandroalmeida/Library/Developer/Xcode/DerivedData/SwiftTranscriptionSampleApp-crspgurtfqzlqnfnzshbqfekzabt/Build/Products/Debug-iphonesimulator/SwiftTranscriptionSampleApp.app/PlugIns/SwiftTranscriptionSampleAppTests.xctest/Extensions --platform iphonesimulator --toolchain /Users/leandroalmeida/Library/Developer/DVTDownloads/MetalToolchain/mounts/4ab058bc1c53034b8c0a9baca6fba2d2b78bb965/Metal.xctoolchain --toolchain /Applications/Xcode.app/Contents/Developer/Toolchains/XcodeDefault.xctoolchain --destination /Users/leandroalmeida/Library/Developer/Xcode/DerivedData/SwiftTranscriptionSampleApp-crspgurtfqzlqnfnzshbqfekzabt/Build/Products/Debug-iphonesimulator/SwiftTranscriptionSampleApp.app/PlugIns/SwiftTranscriptionSampleAppTests.xctest/Frameworks --strip-bitcode --scan-executable /Applications/Xcode.app/Contents/Developer/Platforms/iPhoneSimulator.platform/Developer/usr/lib/libXCTestSwiftSupport.dylib --strip-bitcode-tool /Applications/Xcode.app/Contents/Developer/Toolchains/XcodeDefault.xctoolchain/usr/bin/bitcode_strip --emit-dependency-info /Users/leandroalmeida/Library/Developer/Xcode/DerivedData/SwiftTranscriptionSampleApp-crspgurtfqzlqnfnzshbqfekzabt/Build/Intermediates.noindex/SwiftTranscriptionSampleApp.build/Debug-iphonesimulator/SwiftTranscriptionSampleAppTests.build/SwiftStdLibToolInputDependencies.dep --filter-for-swift-os

ExtractAppIntentsMetadata (in target 'SwiftTranscriptionSampleAppTests' from project 'SwiftTranscriptionSampleApp')
    cd /Users/leandroalmeida/Marcação_Cirúrgica
    /Applications/Xcode.app/Contents/Developer/Toolchains/XcodeDefault.xctoolchain/usr/bin/appintentsmetadataprocessor --toolchain-dir /Users/leandroalmeida/Library/Developer/DVTDownloads/MetalToolchain/mounts/4ab058bc1c53034b8c0a9baca6fba2d2b78bb965/Metal.xctoolchain --module-name SwiftTranscriptionSampleAppTests --sdk-root /Applications/Xcode.app/Contents/Developer/Platforms/iPhoneSimulator.platform/Developer/SDKs/iPhoneSimulator26.0.sdk --xcode-version 17A324 --platform-family iOS --deployment-target 26.0 --bundle-identifier com.example.apple-samplecode.SwiftTranscriptionSampleAppTests --output /Users/leandroalmeida/Library/Developer/Xcode/DerivedData/SwiftTranscriptionSampleApp-crspgurtfqzlqnfnzshbqfekzabt/Build/Products/Debug-iphonesimulator/SwiftTranscriptionSampleApp.app/PlugIns/SwiftTranscriptionSampleAppTests.xctest --target-triple arm64-apple-ios26.0-simulator --binary-file /Users/leandroalmeida/Library/Developer/Xcode/DerivedData/SwiftTranscriptionSampleApp-crspgurtfqzlqnfnzshbqfekzabt/Build/Products/Debug-iphonesimulator/SwiftTranscriptionSampleApp.app/PlugIns/SwiftTranscriptionSampleAppTests.xctest/SwiftTranscriptionSampleAppTests --dependency-file /Users/leandroalmeida/Library/Developer/Xcode/DerivedData/SwiftTranscriptionSampleApp-crspgurtfqzlqnfnzshbqfekzabt/Build/Intermediates.noindex/SwiftTranscriptionSampleApp.build/Debug-iphonesimulator/SwiftTranscriptionSampleAppTests.build/Objects-normal/arm64/SwiftTranscriptionSampleAppTests_dependency_info.dat --stringsdata-file /Users/leandroalmeida/Library/Developer/Xcode/DerivedData/SwiftTranscriptionSampleApp-crspgurtfqzlqnfnzshbqfekzabt/Build/Intermediates.noindex/SwiftTranscriptionSampleApp.build/Debug-iphonesimulator/SwiftTranscriptionSampleAppTests.build/Objects-normal/arm64/ExtractedAppShortcutsMetadata.stringsdata --source-file-list /Users/leandroalmeida/Library/Developer/Xcode/DerivedData/SwiftTranscriptionSampleApp-crspgurtfqzlqnfnzshbqfekzabt/Build/Intermediates.noindex/SwiftTranscriptionSampleApp.build/Debug-iphonesimulator/SwiftTranscriptionSampleAppTests.build/Objects-normal/arm64/SwiftTranscriptionSampleAppTests.SwiftFileList --metadata-file-list /Users/leandroalmeida/Library/Developer/Xcode/DerivedData/SwiftTranscriptionSampleApp-crspgurtfqzlqnfnzshbqfekzabt/Build/Intermediates.noindex/SwiftTranscriptionSampleApp.build/Debug-iphonesimulator/SwiftTranscriptionSampleAppTests.build/SwiftTranscriptionSampleAppTests.DependencyMetadataFileList --static-metadata-file-list /Users/leandroalmeida/Library/Developer/Xcode/DerivedData/SwiftTranscriptionSampleApp-crspgurtfqzlqnfnzshbqfekzabt/Build/Intermediates.noindex/SwiftTranscriptionSampleApp.build/Debug-iphonesimulator/SwiftTranscriptionSampleAppTests.build/SwiftTranscriptionSampleAppTests.DependencyStaticMetadataFileList --swift-const-vals-list /Users/leandroalmeida/Library/Developer/Xcode/DerivedData/SwiftTranscriptionSampleApp-crspgurtfqzlqnfnzshbqfekzabt/Build/Intermediates.noindex/SwiftTranscriptionSampleApp.build/Debug-iphonesimulator/SwiftTranscriptionSampleAppTests.build/Objects-normal/arm64/SwiftTranscriptionSampleAppTests.SwiftConstValuesFileList --compile-time-extraction --deployment-aware-processing --validate-assistant-intents --no-app-shortcuts-localization
2025-09-18 02:27:11.389 appintentsmetadataprocessor[36507:342648] Starting appintentsmetadataprocessor export
2025-09-18 02:27:11.390 appintentsmetadataprocessor[36507:342648] warning: Metadata extraction skipped. No AppIntents.framework dependency found.

AppIntentsSSUTraining (in target 'SwiftTranscriptionSampleAppTests' from project 'SwiftTranscriptionSampleApp')
    cd /Users/leandroalmeida/Marcação_Cirúrgica
    /Applications/Xcode.app/Contents/Developer/Toolchains/XcodeDefault.xctoolchain/usr/bin/appintentsnltrainingprocessor --infoplist-path /Users/leandroalmeida/Library/Developer/Xcode/DerivedData/SwiftTranscriptionSampleApp-crspgurtfqzlqnfnzshbqfekzabt/Build/Products/Debug-iphonesimulator/SwiftTranscriptionSampleApp.app/PlugIns/SwiftTranscriptionSampleAppTests.xctest/Info.plist --temp-dir-path /Users/leandroalmeida/Library/Developer/Xcode/DerivedData/SwiftTranscriptionSampleApp-crspgurtfqzlqnfnzshbqfekzabt/Build/Intermediates.noindex/SwiftTranscriptionSampleApp.build/Debug-iphonesimulator/SwiftTranscriptionSampleAppTests.build/ssu --bundle-id com.example.apple-samplecode.SwiftTranscriptionSampleAppTests --product-path /Users/leandroalmeida/Library/Developer/Xcode/DerivedData/SwiftTranscriptionSampleApp-crspgurtfqzlqnfnzshbqfekzabt/Build/Products/Debug-iphonesimulator/SwiftTranscriptionSampleApp.app/PlugIns/SwiftTranscriptionSampleAppTests.xctest --extracted-metadata-path /Users/leandroalmeida/Library/Developer/Xcode/DerivedData/SwiftTranscriptionSampleApp-crspgurtfqzlqnfnzshbqfekzabt/Build/Products/Debug-iphonesimulator/SwiftTranscriptionSampleApp.app/PlugIns/SwiftTranscriptionSampleAppTests.xctest/Metadata.appintents --metadata-file-list /Users/leandroalmeida/Library/Developer/Xcode/DerivedData/SwiftTranscriptionSampleApp-crspgurtfqzlqnfnzshbqfekzabt/Build/Intermediates.noindex/SwiftTranscriptionSampleApp.build/Debug-iphonesimulator/SwiftTranscriptionSampleAppTests.build/SwiftTranscriptionSampleAppTests.DependencyMetadataFileList --archive-ssu-assets
2025-09-18 02:27:11.403 appintentsnltrainingprocessor[36508:342649] Parsing options for appintentsnltrainingprocessor
2025-09-18 02:27:11.403 appintentsnltrainingprocessor[36508:342649] No AppShortcuts found - Skipping.

CodeSign /Users/leandroalmeida/Library/Developer/Xcode/DerivedData/SwiftTranscriptionSampleApp-crspgurtfqzlqnfnzshbqfekzabt/Build/Products/Debug-iphonesimulator/SwiftTranscriptionSampleApp.app/PlugIns/SwiftTranscriptionSampleAppTests.xctest (in target 'SwiftTranscriptionSampleAppTests' from project 'SwiftTranscriptionSampleApp')
    cd /Users/leandroalmeida/Marcação_Cirúrgica
    
    Signing Identity:     "Sign to Run Locally"
    
    /usr/bin/codesign --force --sign - --timestamp\=none --generate-entitlement-der /Users/leandroalmeida/Library/Developer/Xcode/DerivedData/SwiftTranscriptionSampleApp-crspgurtfqzlqnfnzshbqfekzabt/Build/Products/Debug-iphonesimulator/SwiftTranscriptionSampleApp.app/PlugIns/SwiftTranscriptionSampleAppTests.xctest

CodeSign /Users/leandroalmeida/Library/Developer/Xcode/DerivedData/SwiftTranscriptionSampleApp-crspgurtfqzlqnfnzshbqfekzabt/Build/Products/Debug-iphonesimulator/SwiftTranscriptionSampleApp.app/SwiftTranscriptionSampleApp.debug.dylib (in target 'SwiftTranscriptionSampleApp' from project 'SwiftTranscriptionSampleApp')
    cd /Users/leandroalmeida/Marcação_Cirúrgica
    
    Signing Identity:     "Sign to Run Locally"
    
    /usr/bin/codesign --force --sign - --timestamp\=none --generate-entitlement-der /Users/leandroalmeida/Library/Developer/Xcode/DerivedData/SwiftTranscriptionSampleApp-crspgurtfqzlqnfnzshbqfekzabt/Build/Products/Debug-iphonesimulator/SwiftTranscriptionSampleApp.app/SwiftTranscriptionSampleApp.debug.dylib

CodeSign /Users/leandroalmeida/Library/Developer/Xcode/DerivedData/SwiftTranscriptionSampleApp-crspgurtfqzlqnfnzshbqfekzabt/Build/Products/Debug-iphonesimulator/SwiftTranscriptionSampleApp.app/__preview.dylib (in target 'SwiftTranscriptionSampleApp' from project 'SwiftTranscriptionSampleApp')
    cd /Users/leandroalmeida/Marcação_Cirúrgica
    
    Signing Identity:     "Sign to Run Locally"
    
    /usr/bin/codesign --force --sign - --timestamp\=none --generate-entitlement-der /Users/leandroalmeida/Library/Developer/Xcode/DerivedData/SwiftTranscriptionSampleApp-crspgurtfqzlqnfnzshbqfekzabt/Build/Products/Debug-iphonesimulator/SwiftTranscriptionSampleApp.app/__preview.dylib

CodeSign /Users/leandroalmeida/Library/Developer/Xcode/DerivedData/SwiftTranscriptionSampleApp-crspgurtfqzlqnfnzshbqfekzabt/Build/Products/Debug-iphonesimulator/SwiftTranscriptionSampleApp.app (in target 'SwiftTranscriptionSampleApp' from project 'SwiftTranscriptionSampleApp')
    cd /Users/leandroalmeida/Marcação_Cirúrgica
    
    Signing Identity:     "Sign to Run Locally"
    
    /usr/bin/codesign --force --sign - --entitlements /Users/leandroalmeida/Library/Developer/Xcode/DerivedData/SwiftTranscriptionSampleApp-crspgurtfqzlqnfnzshbqfekzabt/Build/Intermediates.noindex/SwiftTranscriptionSampleApp.build/Debug-iphonesimulator/SwiftTranscriptionSampleApp.build/SwiftTranscriptionSampleApp.app.xcent --timestamp\=none --generate-entitlement-der /Users/leandroalmeida/Library/Developer/Xcode/DerivedData/SwiftTranscriptionSampleApp-crspgurtfqzlqnfnzshbqfekzabt/Build/Products/Debug-iphonesimulator/SwiftTranscriptionSampleApp.app

Validate /Users/leandroalmeida/Library/Developer/Xcode/DerivedData/SwiftTranscriptionSampleApp-crspgurtfqzlqnfnzshbqfekzabt/Build/Products/Debug-iphonesimulator/SwiftTranscriptionSampleApp.app (in target 'SwiftTranscriptionSampleApp' from project 'SwiftTranscriptionSampleApp')
    cd /Users/leandroalmeida/Marcação_Cirúrgica
    builtin-validationUtility /Users/leandroalmeida/Library/Developer/Xcode/DerivedData/SwiftTranscriptionSampleApp-crspgurtfqzlqnfnzshbqfekzabt/Build/Products/Debug-iphonesimulator/SwiftTranscriptionSampleApp.app -shallow-bundle -infoplist-subpath Info.plist

✅ EntityExtractor session ready
Test Suite 'All tests' started at 2025-09-18 02:27:56.408.
Test Suite 'SwiftTranscriptionSampleAppTests.xctest' started at 2025-09-18 02:27:56.409.
Test Suite 'ComplianceValidatorTests' started at 2025-09-18 02:27:56.409.
Test Case '-[SwiftTranscriptionSampleAppTests.ComplianceValidatorTests test_WhenFieldsMatchKnowledgeBase_ShouldVerifyEntities]' started.
🔍 IntelligentMatcher: Matching surgeon for <len=13>
🔍 IntelligentMatcher: Matching procedure for <len=13>
📝 Expanded input: <len=32>
/Users/leandroalmeida/Marcação_Cirúrgica/SwiftTranscriptionSampleAppTests/ComplianceValidatorTests.swift:25: error: -[SwiftTranscriptionSampleAppTests.ComplianceValidatorTests test_WhenFieldsMatchKnowledgeBase_ShouldVerifyEntities] : XCTAssertTrue failed
Test Case '-[SwiftTranscriptionSampleAppTests.ComplianceValidatorTests test_WhenFieldsMatchKnowledgeBase_ShouldVerifyEntities]' failed (1.089 seconds).
Test Case '-[SwiftTranscriptionSampleAppTests.ComplianceValidatorTests test_WhenRequiredFieldsMissing_ShouldReportError]' started.
Test Case '-[SwiftTranscriptionSampleAppTests.ComplianceValidatorTests test_WhenRequiredFieldsMissing_ShouldReportError]' passed (0.001 seconds).
Test Suite 'ComplianceValidatorTests' failed at 2025-09-18 02:27:57.499.
	 Executed 2 tests, with 1 failure (0 unexpected) in 1.089 (1.090) seconds
Test Suite 'DurationFormatterTests' started at 2025-09-18 02:27:57.500.
Test Case '-[SwiftTranscriptionSampleAppTests.DurationFormatterTests test_WhenHColonM_ShouldReturnNormalized]' started.
Test Case '-[SwiftTranscriptionSampleAppTests.DurationFormatterTests test_WhenHColonM_ShouldReturnNormalized]' passed (0.001 seconds).
Test Case '-[SwiftTranscriptionSampleAppTests.DurationFormatterTests test_WhenMinutesOnly_ShouldReturn00MM]' started.
Test Case '-[SwiftTranscriptionSampleAppTests.DurationFormatterTests test_WhenMinutesOnly_ShouldReturn00MM]' passed (0.001 seconds).
Test Case '-[SwiftTranscriptionSampleAppTests.DurationFormatterTests test_WhenNumbersWithUnits_ShouldParse]' started.
Test Case '-[SwiftTranscriptionSampleAppTests.DurationFormatterTests test_WhenNumbersWithUnits_ShouldParse]' passed (0.000 seconds).
Test Case '-[SwiftTranscriptionSampleAppTests.DurationFormatterTests test_WhenUmaHoraEMeia_ShouldReturn0130]' started.
Test Case '-[SwiftTranscriptionSampleAppTests.DurationFormatterTests test_WhenUmaHoraEMeia_ShouldReturn0130]' passed (0.000 seconds).
Test Case '-[SwiftTranscriptionSampleAppTests.DurationFormatterTests test_WhenWordsOnly_ShouldParse]' started.
Test Case '-[SwiftTranscriptionSampleAppTests.DurationFormatterTests test_WhenWordsOnly_ShouldParse]' passed (0.000 seconds).
Test Suite 'DurationFormatterTests' passed at 2025-09-18 02:27:57.505.
	 Executed 5 tests, with 0 failures (0 unexpected) in 0.003 (0.006) seconds
Test Suite 'IntelligentMatcherTests' started at 2025-09-18 02:27:57.505.
Test Case '-[SwiftTranscriptionSampleAppTests.IntelligentMatcherTests test_WhenMatchingKnownSurgeon_ShouldReturnHighConfidence]' started.
🔍 IntelligentMatcher: Matching surgeon for <len=10>
Test Case '-[SwiftTranscriptionSampleAppTests.IntelligentMatcherTests test_WhenMatchingKnownSurgeon_ShouldReturnHighConfidence]' passed (0.000 seconds).
Test Case '-[SwiftTranscriptionSampleAppTests.IntelligentMatcherTests test_WhenMatchingProcedureAbbreviation_ShouldExpandToCanonicalName]' started.
🔍 IntelligentMatcher: Matching procedure for <len=4>
📝 Expanded input: <len=34>
Test Case '-[SwiftTranscriptionSampleAppTests.IntelligentMatcherTests test_WhenMatchingProcedureAbbreviation_ShouldExpandToCanonicalName]' passed (0.003 seconds).
Test Case '-[SwiftTranscriptionSampleAppTests.IntelligentMatcherTests test_WhenMatchingUnknownSurgeon_ShouldReturnUnknownEntity]' started.
🔍 IntelligentMatcher: Matching surgeon for <len=14>
⚠️ IntelligentMatcher: No match found for surgeon <len=14> - treating as unknown
Test Case '-[SwiftTranscriptionSampleAppTests.IntelligentMatcherTests test_WhenMatchingUnknownSurgeon_ShouldReturnUnknownEntity]' passed (0.009 seconds).
Test Suite 'IntelligentMatcherTests' passed at 2025-09-18 02:27:57.518.
	 Executed 3 tests, with 0 failures (0 unexpected) in 0.012 (0.013) seconds
Test Suite 'MilitaryTimeFormatterTests' started at 2025-09-18 02:27:57.518.
Test Case '-[SwiftTranscriptionSampleAppTests.MilitaryTimeFormatterTests test_WhenHHMMProvided_ShouldRemainHHMM]' started.
Test Case '-[SwiftTranscriptionSampleAppTests.MilitaryTimeFormatterTests test_WhenHHMMProvided_ShouldRemainHHMM]' passed (0.001 seconds).
Test Case '-[SwiftTranscriptionSampleAppTests.MilitaryTimeFormatterTests test_WhenNumericCompactProvided_ShouldReturnHHMM]' started.
Test Case '-[SwiftTranscriptionSampleAppTests.MilitaryTimeFormatterTests test_WhenNumericCompactProvided_ShouldReturnHHMM]' passed (0.001 seconds).
Test Case '-[SwiftTranscriptionSampleAppTests.MilitaryTimeFormatterTests test_WhenPortuguesePeriodExpressionsProvided_ShouldMapCorrectly]' started.
Test Case '-[SwiftTranscriptionSampleAppTests.MilitaryTimeFormatterTests test_WhenPortuguesePeriodExpressionsProvided_ShouldMapCorrectly]' passed (0.001 seconds).
Test Suite 'MilitaryTimeFormatterTests' passed at 2025-09-18 02:27:57.557.
	 Executed 3 tests, with 0 failures (0 unexpected) in 0.002 (0.039) seconds
Test Suite 'TranscriptionProcessorTests' started at 2025-09-18 02:27:57.558.
Test Case '-[SwiftTranscriptionSampleAppTests.TranscriptionProcessorTests test_WhenDurationSpoken_ShouldReturnHHMMFormat]' started.
/Users/leandroalmeida/Marcação_Cirúrgica/SwiftTranscriptionSampleAppTests/TranscriptionProcessorTests.swift:21: error: -[SwiftTranscriptionSampleAppTests.TranscriptionProcessorTests test_WhenDurationSpoken_ShouldReturnHHMMFormat] : XCTAssertEqual failed: ("01:00") is not equal to ("01:15")
Test Case '-[SwiftTranscriptionSampleAppTests.TranscriptionProcessorTests test_WhenDurationSpoken_ShouldReturnHHMMFormat]' failed (0.005 seconds).
Test Case '-[SwiftTranscriptionSampleAppTests.TranscriptionProcessorTests test_WhenPhoneDictated_ShouldStripFormatting]' started.
Test Case '-[SwiftTranscriptionSampleAppTests.TranscriptionProcessorTests test_WhenPhoneDictated_ShouldStripFormatting]' passed (0.022 seconds).
Test Case '-[SwiftTranscriptionSampleAppTests.TranscriptionProcessorTests test_WhenPortugueseDatePhraseProvided_ShouldReturnNormalizedDate]' started.
/Users/leandroalmeida/Marcação_Cirúrgica/SwiftTranscriptionSampleAppTests/TranscriptionProcessorTests.swift:15: error: -[SwiftTranscriptionSampleAppTests.TranscriptionProcessorTests test_WhenPortugueseDatePhraseProvided_ShouldReturnNormalizedDate] : XCTAssertEqual failed: ("04/09/2024") is not equal to ("27/09/2024")
Test Case '-[SwiftTranscriptionSampleAppTests.TranscriptionProcessorTests test_WhenPortugueseDatePhraseProvided_ShouldReturnNormalizedDate]' failed (0.003 seconds).
Test Case '-[SwiftTranscriptionSampleAppTests.TranscriptionProcessorTests test_WhenPortugueseNumberPhraseProvided_ShouldReturnDigits]' started.
Test Case '-[SwiftTranscriptionSampleAppTests.TranscriptionProcessorTests test_WhenPortugueseNumberPhraseProvided_ShouldReturnDigits]' passed (0.001 seconds).
Test Suite 'TranscriptionProcessorTests' failed at 2025-09-18 02:27:57.590.
	 Executed 4 tests, with 2 failures (0 unexpected) in 0.031 (0.033) seconds
Test Suite 'SwiftTranscriptionSampleAppTests.xctest' failed at 2025-09-18 02:27:57.590.
	 Executed 17 tests, with 3 failures (0 unexpected) in 1.137 (1.181) seconds
Test Suite 'All tests' failed at 2025-09-18 02:27:57.591.
	 Executed 17 tests, with 3 failures (0 unexpected) in 1.137 (1.182) seconds

Test session results, code coverage, and logs:
	/Users/leandroalmeida/Library/Developer/Xcode/DerivedData/SwiftTranscriptionSampleApp-crspgurtfqzlqnfnzshbqfekzabt/Logs/Test/Test-SwiftTranscriptionSampleApp-2025.09.18_02-27-07--0300.xcresult

Testing started
